-------------------------------------------------------------------------------
Test set: Main.CalcTest
-------------------------------------------------------------------------------
Tests run: 2, Failures: 1, Errors: 0, Skipped: 0, Time elapsed: 0.052 s <<< FAILURE! - in Main.CalcTest
testSubtractMethod  Time elapsed: 0.012 s  <<< FAILURE!
org.opentest4j.AssertionFailedError: expected: <7> but was: <3>
	at Main.CalcTest.testSubtractMethod(TestCalc.java:14)

